<?xml version="1.0" encoding="UTF-8"?>
<coverage generated="1771102485570" clover="3.2.0">
  <project timestamp="1771102485570" name="All files">
    <metrics statements="226" coveredstatements="226" conditionals="14" coveredconditionals="9" methods="8" coveredmethods="8" elements="248" coveredelements="243" complexity="0" loc="226" ncloc="226" packages="3" files="9" classes="9"/>
    <package name="config">
      <metrics statements="1" coveredstatements="1" conditionals="2" coveredconditionals="2" methods="0" coveredmethods="0"/>
      <file name="environment.ts" path="/Users/andymini/ai/ai-dev-platform/aws-production-cdk/lib/config/environment.ts">
        <metrics statements="1" coveredstatements="1" conditionals="2" coveredconditionals="2" methods="0" coveredmethods="0"/>
        <line num="52" count="4" type="stmt"/>
      </file>
    </package>
    <package name="constructs">
      <metrics statements="84" coveredstatements="84" conditionals="10" coveredconditionals="6" methods="4" coveredmethods="4"/>
      <file name="coder-service.ts" path="/Users/andymini/ai/ai-dev-platform/aws-production-cdk/lib/constructs/coder-service.ts">
        <metrics statements="20" coveredstatements="20" conditionals="2" coveredconditionals="1" methods="1" coveredmethods="1"/>
        <line num="1" count="1" type="stmt"/>
        <line num="2" count="1" type="stmt"/>
        <line num="3" count="1" type="stmt"/>
        <line num="4" count="1" type="stmt"/>
        <line num="6" count="1" type="stmt"/>
        <line num="9" count="1" type="stmt"/>
        <line num="32" count="1" type="stmt"/>
        <line num="37" count="1" type="stmt"/>
        <line num="39" count="1" type="stmt"/>
        <line num="42" count="1" type="stmt"/>
        <line num="44" count="1" type="cond" truecount="1" falsecount="1"/>
        <line num="51" count="1" type="stmt"/>
        <line num="61" count="1" type="stmt"/>
        <line num="73" count="1" type="stmt"/>
        <line num="88" count="1" type="stmt"/>
        <line num="128" count="1" type="stmt"/>
        <line num="137" count="1" type="stmt"/>
        <line num="156" count="1" type="stmt"/>
        <line num="173" count="1" type="stmt"/>
        <line num="180" count="1" type="stmt"/>
      </file>
      <file name="key-provisioner-service.ts" path="/Users/andymini/ai/ai-dev-platform/aws-production-cdk/lib/constructs/key-provisioner-service.ts">
        <metrics statements="15" coveredstatements="15" conditionals="4" coveredconditionals="3" methods="1" coveredmethods="1"/>
        <line num="1" count="1" type="stmt"/>
        <line num="2" count="1" type="stmt"/>
        <line num="3" count="1" type="stmt"/>
        <line num="5" count="1" type="stmt"/>
        <line num="8" count="1" type="stmt"/>
        <line num="33" count="1" type="stmt"/>
        <line num="42" count="1" type="stmt"/>
        <line num="44" count="1" type="stmt"/>
        <line num="47" count="1" type="stmt"/>
        <line num="49" count="1" type="cond" truecount="1" falsecount="1"/>
        <line num="56" count="1" type="stmt"/>
        <line num="74" count="1" type="stmt"/>
        <line num="108" count="1" type="stmt"/>
        <line num="127" count="1" type="stmt"/>
        <line num="147" count="1" type="stmt"/>
      </file>
      <file name="langfuse-service.ts" path="/Users/andymini/ai/ai-dev-platform/aws-production-cdk/lib/constructs/langfuse-service.ts">
        <metrics statements="34" coveredstatements="34" conditionals="2" coveredconditionals="1" methods="1" coveredmethods="1"/>
        <line num="1" count="1" type="stmt"/>
        <line num="2" count="1" type="stmt"/>
        <line num="3" count="1" type="stmt"/>
        <line num="4" count="1" type="stmt"/>
        <line num="5" count="1" type="stmt"/>
        <line num="6" count="1" type="stmt"/>
        <line num="7" count="1" type="stmt"/>
        <line num="11" count="1" type="stmt"/>
        <line num="38" count="1" type="stmt"/>
        <line num="43" count="1" type="stmt"/>
        <line num="45" count="1" type="stmt"/>
        <line num="48" count="1" type="stmt"/>
        <line num="50" count="1" type="cond" truecount="1" falsecount="1"/>
        <line num="58" count="1" type="stmt"/>
        <line num="64" count="1" type="stmt"/>
        <line num="74" count="1" type="stmt"/>
        <line num="80" count="1" type="stmt"/>
        <line num="86" count="1" type="stmt"/>
        <line num="103" count="1" type="stmt"/>
        <line num="117" count="1" type="stmt"/>
        <line num="129" count="1" type="stmt"/>
        <line num="141" count="1" type="stmt"/>
        <line num="172" count="1" type="stmt"/>
        <line num="181" count="1" type="stmt"/>
        <line num="200" count="1" type="stmt"/>
        <line num="215" count="1" type="stmt"/>
        <line num="239" count="1" type="stmt"/>
        <line num="251" count="1" type="stmt"/>
        <line num="275" count="1" type="stmt"/>
        <line num="294" count="1" type="stmt"/>
        <line num="315" count="1" type="stmt"/>
        <line num="331" count="1" type="stmt"/>
        <line num="343" count="1" type="stmt"/>
        <line num="370" count="1" type="stmt"/>
      </file>
      <file name="litellm-service.ts" path="/Users/andymini/ai/ai-dev-platform/aws-production-cdk/lib/constructs/litellm-service.ts">
        <metrics statements="15" coveredstatements="15" conditionals="2" coveredconditionals="1" methods="1" coveredmethods="1"/>
        <line num="1" count="1" type="stmt"/>
        <line num="2" count="1" type="stmt"/>
        <line num="3" count="1" type="stmt"/>
        <line num="5" count="1" type="stmt"/>
        <line num="8" count="1" type="stmt"/>
        <line num="31" count="1" type="stmt"/>
        <line num="36" count="1" type="stmt"/>
        <line num="38" count="1" type="stmt"/>
        <line num="41" count="1" type="stmt"/>
        <line num="43" count="1" type="cond" truecount="1" falsecount="1"/>
        <line num="50" count="1" type="stmt"/>
        <line num="72" count="1" type="stmt"/>
        <line num="124" count="1" type="stmt"/>
        <line num="143" count="1" type="stmt"/>
        <line num="160" count="1" type="stmt"/>
      </file>
    </package>
    <package name="stacks">
      <metrics statements="141" coveredstatements="141" conditionals="2" coveredconditionals="1" methods="4" coveredmethods="4"/>
      <file name="data-stack.ts" path="/Users/andymini/ai/ai-dev-platform/aws-production-cdk/lib/stacks/data-stack.ts">
        <metrics statements="37" coveredstatements="37" conditionals="0" coveredconditionals="0" methods="1" coveredmethods="1"/>
        <line num="1" count="2" type="stmt"/>
        <line num="2" count="2" type="stmt"/>
        <line num="3" count="2" type="stmt"/>
        <line num="4" count="2" type="stmt"/>
        <line num="5" count="2" type="stmt"/>
        <line num="6" count="2" type="stmt"/>
        <line num="7" count="2" type="stmt"/>
        <line num="8" count="2" type="stmt"/>
        <line num="38" count="2" type="stmt"/>
        <line num="42" count="2" type="stmt"/>
        <line num="44" count="2" type="stmt"/>
        <line num="47" count="2" type="stmt"/>
        <line num="48" count="6" type="stmt"/>
        <line num="54" count="2" type="stmt"/>
        <line num="63" count="2" type="stmt"/>
        <line num="91" count="2" type="stmt"/>
        <line num="102" count="2" type="stmt"/>
        <line num="128" count="2" type="stmt"/>
        <line num="142" count="2" type="stmt"/>
        <line num="150" count="2" type="stmt"/>
        <line num="155" count="2" type="stmt"/>
        <line num="165" count="2" type="stmt"/>
        <line num="170" count="2" type="stmt"/>
        <line num="179" count="2" type="stmt"/>
        <line num="187" count="2" type="stmt"/>
        <line num="197" count="2" type="stmt"/>
        <line num="199" count="2" type="stmt"/>
        <line num="207" count="2" type="stmt"/>
        <line num="222" count="2" type="stmt"/>
        <line num="232" count="2" type="stmt"/>
        <line num="243" count="2" type="stmt"/>
        <line num="256" count="2" type="stmt"/>
        <line num="271" count="2" type="stmt"/>
        <line num="286" count="2" type="stmt"/>
        <line num="297" count="2" type="stmt"/>
        <line num="310" count="2" type="stmt"/>
        <line num="323" count="2" type="stmt"/>
      </file>
      <file name="network-stack.ts" path="/Users/andymini/ai/ai-dev-platform/aws-production-cdk/lib/stacks/network-stack.ts">
        <metrics statements="40" coveredstatements="40" conditionals="0" coveredconditionals="0" methods="1" coveredmethods="1"/>
        <line num="1" count="3" type="stmt"/>
        <line num="2" count="3" type="stmt"/>
        <line num="3" count="3" type="stmt"/>
        <line num="24" count="3" type="stmt"/>
        <line num="28" count="3" type="stmt"/>
        <line num="30" count="3" type="stmt"/>
        <line num="33" count="3" type="stmt"/>
        <line num="34" count="9" type="stmt"/>
        <line num="40" count="3" type="stmt"/>
        <line num="70" count="3" type="stmt"/>
        <line num="77" count="3" type="stmt"/>
        <line num="82" count="3" type="stmt"/>
        <line num="89" count="3" type="stmt"/>
        <line num="95" count="3" type="stmt"/>
        <line num="96" count="3" type="stmt"/>
        <line num="97" count="21" type="stmt"/>
        <line num="104" count="3" type="stmt"/>
        <line num="111" count="3" type="stmt"/>
        <line num="116" count="3" type="stmt"/>
        <line num="121" count="3" type="stmt"/>
        <line num="126" count="3" type="stmt"/>
        <line num="131" count="3" type="stmt"/>
        <line num="136" count="3" type="stmt"/>
        <line num="143" count="3" type="stmt"/>
        <line num="148" count="3" type="stmt"/>
        <line num="155" count="3" type="stmt"/>
        <line num="160" count="3" type="stmt"/>
        <line num="167" count="3" type="stmt"/>
        <line num="172" count="3" type="stmt"/>
        <line num="177" count="3" type="stmt"/>
        <line num="184" count="3" type="stmt"/>
        <line num="189" count="3" type="stmt"/>
        <line num="198" count="3" type="stmt"/>
        <line num="203" count="3" type="stmt"/>
        <line num="211" count="3" type="stmt"/>
        <line num="225" count="3" type="stmt"/>
        <line num="226" count="33" type="stmt"/>
        <line num="234" count="3" type="stmt"/>
        <line num="246" count="3" type="stmt"/>
        <line num="258" count="3" type="stmt"/>
      </file>
      <file name="observability-stack.ts" path="/Users/andymini/ai/ai-dev-platform/aws-production-cdk/lib/stacks/observability-stack.ts">
        <metrics statements="8" coveredstatements="8" conditionals="0" coveredconditionals="0" methods="1" coveredmethods="1"/>
        <line num="1" count="1" type="stmt"/>
        <line num="7" count="1" type="stmt"/>
        <line num="16" count="1" type="stmt"/>
        <line num="18" count="1" type="stmt"/>
        <line num="20" count="1" type="stmt"/>
        <line num="23" count="1" type="stmt"/>
        <line num="24" count="3" type="stmt"/>
        <line num="30" count="1" type="stmt"/>
      </file>
      <file name="platform-stack.ts" path="/Users/andymini/ai/ai-dev-platform/aws-production-cdk/lib/stacks/platform-stack.ts">
        <metrics statements="56" coveredstatements="56" conditionals="2" coveredconditionals="1" methods="1" coveredmethods="1"/>
        <line num="1" count="1" type="stmt"/>
        <line num="2" count="1" type="stmt"/>
        <line num="3" count="1" type="stmt"/>
        <line num="4" count="1" type="stmt"/>
        <line num="5" count="1" type="stmt"/>
        <line num="6" count="1" type="stmt"/>
        <line num="7" count="1" type="stmt"/>
        <line num="12" count="1" type="stmt"/>
        <line num="13" count="1" type="stmt"/>
        <line num="14" count="1" type="stmt"/>
        <line num="36" count="1" type="stmt"/>
        <line num="40" count="1" type="stmt"/>
        <line num="42" count="1" type="stmt"/>
        <line num="45" count="1" type="stmt"/>
        <line num="46" count="3" type="stmt"/>
        <line num="52" count="1" type="stmt"/>
        <line num="62" count="1" type="stmt"/>
        <line num="64" count="1" type="cond" truecount="1" falsecount="1"/>
        <line num="68" count="1" type="stmt"/>
        <line num="77" count="1" type="stmt"/>
        <line num="84" count="1" type="stmt"/>
        <line num="97" count="1" type="stmt"/>
        <line num="102" count="1" type="stmt"/>
        <line num="110" count="1" type="stmt"/>
        <line num="122" count="1" type="stmt"/>
        <line num="135" count="1" type="stmt"/>
        <line num="138" count="1" type="stmt"/>
        <line num="150" count="1" type="stmt"/>
        <line num="160" count="1" type="stmt"/>
        <line num="172" count="1" type="stmt"/>
        <line num="187" count="1" type="stmt"/>
        <line num="190" count="1" type="stmt"/>
        <line num="197" count="1" type="stmt"/>
        <line num="211" count="1" type="stmt"/>
        <line num="218" count="1" type="stmt"/>
        <line num="233" count="1" type="stmt"/>
        <line num="236" count="1" type="stmt"/>
        <line num="248" count="1" type="stmt"/>
        <line num="260" count="1" type="stmt"/>
        <line num="272" count="1" type="stmt"/>
        <line num="275" count="1" type="stmt"/>
        <line num="288" count="1" type="stmt"/>
        <line num="302" count="1" type="stmt"/>
        <line num="304" count="1" type="stmt"/>
        <line num="309" count="1" type="stmt"/>
        <line num="314" count="1" type="stmt"/>
        <line num="319" count="1" type="stmt"/>
        <line num="324" count="1" type="stmt"/>
        <line num="329" count="1" type="stmt"/>
        <line num="333" count="1" type="stmt"/>
        <line num="338" count="1" type="stmt"/>
        <line num="343" count="1" type="stmt"/>
        <line num="351" count="1" type="stmt"/>
        <line num="365" count="1" type="stmt"/>
        <line num="377" count="1" type="stmt"/>
        <line num="392" count="1" type="stmt"/>
      </file>
    </package>
  </project>
</coverage>
