{"/Users/andymini/ai/ai-dev-platform/aws-production-cdk/lib/config/environment.ts": {"path":"/Users/andymini/ai/ai-dev-platform/aws-production-cdk/lib/config/environment.ts","statementMap":{"0":{"start":{"line":52,"column":13},"end":{"line":92,"column":2}}},"fnMap":{},"branchMap":{"0":{"loc":{"start":{"line":53,"column":11},"end":{"line":53,"column":48}},"type":"binary-expr","locations":[{"start":{"line":53,"column":11},"end":{"line":53,"column":42}},{"start":{"line":53,"column":46},"end":{"line":53,"column":48}}]}},"s":{"0":4},"f":{},"b":{"0":[4,4]}}
,"/Users/andymini/ai/ai-dev-platform/aws-production-cdk/lib/constructs/coder-service.ts": {"path":"/Users/andymini/ai/ai-dev-platform/aws-production-cdk/lib/constructs/coder-service.ts","statementMap":{"0":{"start":{"line":1,"column":0},"end":{"line":1,"column":39}},"1":{"start":{"line":2,"column":0},"end":{"line":2,"column":43}},"2":{"start":{"line":3,"column":0},"end":{"line":3,"column":64}},"3":{"start":{"line":4,"column":0},"end":{"line":4,"column":43}},"4":{"start":{"line":6,"column":0},"end":{"line":6,"column":43}},"5":{"start":{"line":9,"column":0},"end":{"line":9,"column":39}},"6":{"start":{"line":37,"column":4},"end":{"line":37,"column":21}},"7":{"start":{"line":39,"column":23},"end":{"line":39,"column":28}},"8":{"start":{"line":42,"column":24},"end":{"line":42,"column":48}},"9":{"start":{"line":44,"column":6},"end":{"line":46,"column":23}},"10":{"start":{"line":51,"column":24},"end":{"line":56,"column":6}},"11":{"start":{"line":61,"column":27},"end":{"line":70,"column":null}},"12":{"start":{"line":73,"column":4},"end":{"line":83,"column":7}},"13":{"start":{"line":88,"column":22},"end":{"line":126,"column":6}},"14":{"start":{"line":128,"column":4},"end":{"line":132,"column":7}},"15":{"start":{"line":137,"column":4},"end":{"line":151,"column":7}},"16":{"start":{"line":156,"column":4},"end":{"line":168,"column":7}},"17":{"start":{"line":173,"column":4},"end":{"line":178,"column":7}},"18":{"start":{"line":180,"column":4},"end":{"line":185,"column":7}},"19":{"start":{"line":32,"column":0},"end":{"line":32,"column":13}}},"fnMap":{"0":{"name":"(anonymous_0)","decl":{"start":{"line":36,"column":2},"end":{"line":36,"column":14}},"loc":{"start":{"line":36,"column":68},"end":{"line":186,"column":3}}}},"branchMap":{"0":{"loc":{"start":{"line":44,"column":6},"end":{"line":46,"column":23}},"type":"cond-expr","locations":[{"start":{"line":45,"column":10},"end":{"line":45,"column":40}},{"start":{"line":46,"column":10},"end":{"line":46,"column":23}}]}},"s":{"0":1,"1":1,"2":1,"3":1,"4":1,"5":1,"6":1,"7":1,"8":1,"9":1,"10":1,"11":1,"12":1,"13":1,"14":1,"15":1,"16":1,"17":1,"18":1,"19":1},"f":{"0":1},"b":{"0":[1,0]}}
,"/Users/andymini/ai/ai-dev-platform/aws-production-cdk/lib/constructs/key-provisioner-service.ts": {"path":"/Users/andymini/ai/ai-dev-platform/aws-production-cdk/lib/constructs/key-provisioner-service.ts","statementMap":{"0":{"start":{"line":1,"column":0},"end":{"line":1,"column":39}},"1":{"start":{"line":2,"column":0},"end":{"line":2,"column":43}},"2":{"start":{"line":3,"column":0},"end":{"line":3,"column":64}},"3":{"start":{"line":5,"column":0},"end":{"line":5,"column":43}},"4":{"start":{"line":8,"column":0},"end":{"line":8,"column":39}},"5":{"start":{"line":42,"column":4},"end":{"line":42,"column":21}},"6":{"start":{"line":44,"column":23},"end":{"line":44,"column":28}},"7":{"start":{"line":47,"column":24},"end":{"line":47,"column":48}},"8":{"start":{"line":49,"column":6},"end":{"line":51,"column":23}},"9":{"start":{"line":56,"column":27},"end":{"line":65,"column":null}},"10":{"start":{"line":74,"column":4},"end":{"line":103,"column":7}},"11":{"start":{"line":108,"column":4},"end":{"line":122,"column":7}},"12":{"start":{"line":127,"column":4},"end":{"line":139,"column":7}},"13":{"start":{"line":147,"column":4},"end":{"line":154,"column":7}},"14":{"start":{"line":33,"column":0},"end":{"line":33,"column":13}}},"fnMap":{"0":{"name":"(anonymous_0)","decl":{"start":{"line":37,"column":2},"end":{"line":37,"column":null}},"loc":{"start":{"line":40,"column":37},"end":{"line":155,"column":3}}}},"branchMap":{"0":{"loc":{"start":{"line":49,"column":6},"end":{"line":51,"column":23}},"type":"cond-expr","locations":[{"start":{"line":50,"column":10},"end":{"line":50,"column":40}},{"start":{"line":51,"column":10},"end":{"line":51,"column":23}}]},"1":{"loc":{"start":{"line":76,"column":8},"end":{"line":76,"column":51}},"type":"binary-expr","locations":[{"start":{"line":76,"column":8},"end":{"line":76,"column":34}},{"start":{"line":76,"column":38},"end":{"line":76,"column":51}}]}},"s":{"0":1,"1":1,"2":1,"3":1,"4":1,"5":1,"6":1,"7":1,"8":1,"9":1,"10":1,"11":1,"12":1,"13":1,"14":1},"f":{"0":1},"b":{"0":[1,0],"1":[1,1]}}
,"/Users/andymini/ai/ai-dev-platform/aws-production-cdk/lib/constructs/langfuse-service.ts": {"path":"/Users/andymini/ai/ai-dev-platform/aws-production-cdk/lib/constructs/langfuse-service.ts","statementMap":{"0":{"start":{"line":1,"column":0},"end":{"line":1,"column":54}},"1":{"start":{"line":2,"column":0},"end":{"line":2,"column":43}},"2":{"start":{"line":3,"column":0},"end":{"line":3,"column":64}},"3":{"start":{"line":4,"column":0},"end":{"line":4,"column":43}},"4":{"start":{"line":5,"column":0},"end":{"line":5,"column":43}},"5":{"start":{"line":6,"column":0},"end":{"line":6,"column":43}},"6":{"start":{"line":7,"column":0},"end":{"line":7,"column":45}},"7":{"start":{"line":11,"column":0},"end":{"line":11,"column":39}},"8":{"start":{"line":43,"column":4},"end":{"line":43,"column":21}},"9":{"start":{"line":45,"column":23},"end":{"line":45,"column":28}},"10":{"start":{"line":48,"column":24},"end":{"line":48,"column":48}},"11":{"start":{"line":50,"column":6},"end":{"line":52,"column":23}},"12":{"start":{"line":58,"column":26},"end":{"line":62,"column":null}},"13":{"start":{"line":64,"column":21},"end":{"line":68,"column":null}},"14":{"start":{"line":74,"column":31},"end":{"line":78,"column":6}},"15":{"start":{"line":80,"column":32},"end":{"line":84,"column":6}},"16":{"start":{"line":86,"column":35},"end":{"line":93,"column":null}},"17":{"start":{"line":103,"column":34},"end":{"line":111,"column":null}},"18":{"start":{"line":117,"column":30},"end":{"line":126,"column":null}},"19":{"start":{"line":129,"column":4},"end":{"line":139,"column":7}},"20":{"start":{"line":141,"column":32},"end":{"line":170,"column":6}},"21":{"start":{"line":172,"column":4},"end":{"line":176,"column":7}},"22":{"start":{"line":181,"column":4},"end":{"line":195,"column":7}},"23":{"start":{"line":200,"column":56},"end":{"line":213,"column":6}},"24":{"start":{"line":215,"column":56},"end":{"line":230,"column":6}},"25":{"start":{"line":239,"column":23},"end":{"line":248,"column":null}},"26":{"start":{"line":251,"column":4},"end":{"line":270,"column":7}},"27":{"start":{"line":275,"column":4},"end":{"line":289,"column":7}},"28":{"start":{"line":294,"column":4},"end":{"line":310,"column":6}},"29":{"start":{"line":315,"column":4},"end":{"line":322,"column":7}},"30":{"start":{"line":331,"column":26},"end":{"line":340,"column":null}},"31":{"start":{"line":343,"column":4},"end":{"line":365,"column":7}},"32":{"start":{"line":370,"column":4},"end":{"line":384,"column":7}},"33":{"start":{"line":38,"column":0},"end":{"line":38,"column":13}}},"fnMap":{"0":{"name":"(anonymous_0)","decl":{"start":{"line":42,"column":2},"end":{"line":42,"column":14}},"loc":{"start":{"line":42,"column":71},"end":{"line":385,"column":3}}}},"branchMap":{"0":{"loc":{"start":{"line":50,"column":6},"end":{"line":52,"column":23}},"type":"cond-expr","locations":[{"start":{"line":51,"column":10},"end":{"line":51,"column":40}},{"start":{"line":52,"column":10},"end":{"line":52,"column":23}}]}},"s":{"0":1,"1":1,"2":1,"3":1,"4":1,"5":1,"6":1,"7":1,"8":1,"9":1,"10":1,"11":1,"12":1,"13":1,"14":1,"15":1,"16":1,"17":1,"18":1,"19":1,"20":1,"21":1,"22":1,"23":1,"24":1,"25":1,"26":1,"27":1,"28":1,"29":1,"30":1,"31":1,"32":1,"33":1},"f":{"0":1},"b":{"0":[1,0]}}
,"/Users/andymini/ai/ai-dev-platform/aws-production-cdk/lib/constructs/litellm-service.ts": {"path":"/Users/andymini/ai/ai-dev-platform/aws-production-cdk/lib/constructs/litellm-service.ts","statementMap":{"0":{"start":{"line":1,"column":0},"end":{"line":1,"column":39}},"1":{"start":{"line":2,"column":0},"end":{"line":2,"column":43}},"2":{"start":{"line":3,"column":0},"end":{"line":3,"column":64}},"3":{"start":{"line":5,"column":0},"end":{"line":5,"column":43}},"4":{"start":{"line":8,"column":0},"end":{"line":8,"column":39}},"5":{"start":{"line":36,"column":4},"end":{"line":36,"column":21}},"6":{"start":{"line":38,"column":23},"end":{"line":38,"column":28}},"7":{"start":{"line":41,"column":24},"end":{"line":41,"column":48}},"8":{"start":{"line":43,"column":6},"end":{"line":45,"column":23}},"9":{"start":{"line":50,"column":27},"end":{"line":59,"column":null}},"10":{"start":{"line":72,"column":4},"end":{"line":119,"column":7}},"11":{"start":{"line":124,"column":4},"end":{"line":138,"column":7}},"12":{"start":{"line":143,"column":4},"end":{"line":155,"column":7}},"13":{"start":{"line":160,"column":4},"end":{"line":165,"column":7}},"14":{"start":{"line":31,"column":0},"end":{"line":31,"column":13}}},"fnMap":{"0":{"name":"(anonymous_0)","decl":{"start":{"line":35,"column":2},"end":{"line":35,"column":14}},"loc":{"start":{"line":35,"column":70},"end":{"line":166,"column":3}}}},"branchMap":{"0":{"loc":{"start":{"line":43,"column":6},"end":{"line":45,"column":23}},"type":"cond-expr","locations":[{"start":{"line":44,"column":10},"end":{"line":44,"column":40}},{"start":{"line":45,"column":10},"end":{"line":45,"column":23}}]}},"s":{"0":1,"1":1,"2":1,"3":1,"4":1,"5":1,"6":1,"7":1,"8":1,"9":1,"10":1,"11":1,"12":1,"13":1,"14":1},"f":{"0":1},"b":{"0":[1,0]}}
,"/Users/andymini/ai/ai-dev-platform/aws-production-cdk/lib/stacks/data-stack.ts": {"path":"/Users/andymini/ai/ai-dev-platform/aws-production-cdk/lib/stacks/data-stack.ts","statementMap":{"0":{"start":{"line":1,"column":0},"end":{"line":1,"column":35}},"1":{"start":{"line":2,"column":0},"end":{"line":2,"column":43}},"2":{"start":{"line":3,"column":0},"end":{"line":3,"column":43}},"3":{"start":{"line":4,"column":0},"end":{"line":4,"column":59}},"4":{"start":{"line":5,"column":0},"end":{"line":5,"column":43}},"5":{"start":{"line":6,"column":0},"end":{"line":6,"column":41}},"6":{"start":{"line":7,"column":0},"end":{"line":7,"column":53}},"7":{"start":{"line":8,"column":0},"end":{"line":8,"column":65}},"8":{"start":{"line":42,"column":4},"end":{"line":42,"column":28}},"9":{"start":{"line":44,"column":32},"end":{"line":44,"column":37}},"10":{"start":{"line":47,"column":4},"end":{"line":49,"column":5}},"11":{"start":{"line":48,"column":6},"end":{"line":48,"column":40}},"12":{"start":{"line":54,"column":27},"end":{"line":61,"column":6}},"13":{"start":{"line":63,"column":23},"end":{"line":86,"column":6}},"14":{"start":{"line":91,"column":29},"end":{"line":99,"column":null}},"15":{"start":{"line":102,"column":34},"end":{"line":122,"column":null}},"16":{"start":{"line":128,"column":23},"end":{"line":137,"column":6}},"17":{"start":{"line":142,"column":55},"end":{"line":148,"column":6}},"18":{"start":{"line":150,"column":33},"end":{"line":153,"column":6}},"19":{"start":{"line":155,"column":26},"end":{"line":163,"column":6}},"20":{"start":{"line":165,"column":28},"end":{"line":168,"column":6}},"21":{"start":{"line":170,"column":33},"end":{"line":176,"column":null}},"22":{"start":{"line":179,"column":32},"end":{"line":182,"column":6}},"23":{"start":{"line":187,"column":4},"end":{"line":192,"column":7}},"24":{"start":{"line":197,"column":60},"end":{"line":197,"column":62}},"25":{"start":{"line":199,"column":4},"end":{"line":205,"column":7}},"26":{"start":{"line":207,"column":4},"end":{"line":220,"column":6}},"27":{"start":{"line":222,"column":4},"end":{"line":230,"column":6}},"28":{"start":{"line":232,"column":4},"end":{"line":241,"column":6}},"29":{"start":{"line":243,"column":4},"end":{"line":254,"column":6}},"30":{"start":{"line":256,"column":4},"end":{"line":269,"column":6}},"31":{"start":{"line":271,"column":4},"end":{"line":284,"column":6}},"32":{"start":{"line":286,"column":4},"end":{"line":295,"column":6}},"33":{"start":{"line":297,"column":4},"end":{"line":308,"column":6}},"34":{"start":{"line":310,"column":4},"end":{"line":318,"column":6}},"35":{"start":{"line":323,"column":4},"end":{"line":341,"column":6}},"36":{"start":{"line":38,"column":0},"end":{"line":38,"column":13}}},"fnMap":{"0":{"name":"(anonymous_0)","decl":{"start":{"line":41,"column":2},"end":{"line":41,"column":14}},"loc":{"start":{"line":41,"column":65},"end":{"line":342,"column":3}}}},"branchMap":{},"s":{"0":2,"1":2,"2":2,"3":2,"4":2,"5":2,"6":2,"7":2,"8":2,"9":2,"10":2,"11":6,"12":2,"13":2,"14":2,"15":2,"16":2,"17":2,"18":2,"19":2,"20":2,"21":2,"22":2,"23":2,"24":2,"25":2,"26":2,"27":2,"28":2,"29":2,"30":2,"31":2,"32":2,"33":2,"34":2,"35":2,"36":2},"f":{"0":2},"b":{}}
,"/Users/andymini/ai/ai-dev-platform/aws-production-cdk/lib/stacks/network-stack.ts": {"path":"/Users/andymini/ai/ai-dev-platform/aws-production-cdk/lib/stacks/network-stack.ts","statementMap":{"0":{"start":{"line":1,"column":0},"end":{"line":1,"column":35}},"1":{"start":{"line":2,"column":0},"end":{"line":2,"column":43}},"2":{"start":{"line":3,"column":0},"end":{"line":3,"column":69}},"3":{"start":{"line":28,"column":4},"end":{"line":28,"column":28}},"4":{"start":{"line":30,"column":23},"end":{"line":30,"column":28}},"5":{"start":{"line":33,"column":4},"end":{"line":35,"column":5}},"6":{"start":{"line":34,"column":6},"end":{"line":34,"column":40}},"7":{"start":{"line":40,"column":16},"end":{"line":63,"column":6}},"8":{"start":{"line":70,"column":18},"end":{"line":74,"column":6}},"9":{"start":{"line":77,"column":4},"end":{"line":81,"column":6}},"10":{"start":{"line":82,"column":4},"end":{"line":86,"column":6}},"11":{"start":{"line":89,"column":26},"end":{"line":93,"column":6}},"12":{"start":{"line":95,"column":25},"end":{"line":95,"column":67}},"13":{"start":{"line":96,"column":4},"end":{"line":102,"column":5}},"14":{"start":{"line":97,"column":6},"end":{"line":101,"column":8}},"15":{"start":{"line":104,"column":4},"end":{"line":108,"column":6}},"16":{"start":{"line":111,"column":28},"end":{"line":115,"column":6}},"17":{"start":{"line":116,"column":4},"end":{"line":120,"column":6}},"18":{"start":{"line":121,"column":4},"end":{"line":125,"column":6}},"19":{"start":{"line":126,"column":4},"end":{"line":130,"column":6}},"20":{"start":{"line":131,"column":4},"end":{"line":135,"column":6}},"21":{"start":{"line":136,"column":4},"end":{"line":140,"column":6}},"22":{"start":{"line":143,"column":18},"end":{"line":147,"column":6}},"23":{"start":{"line":148,"column":4},"end":{"line":152,"column":6}},"24":{"start":{"line":155,"column":20},"end":{"line":159,"column":6}},"25":{"start":{"line":160,"column":4},"end":{"line":164,"column":6}},"26":{"start":{"line":167,"column":18},"end":{"line":171,"column":6}},"27":{"start":{"line":172,"column":4},"end":{"line":176,"column":6}},"28":{"start":{"line":177,"column":4},"end":{"line":181,"column":6}},"29":{"start":{"line":184,"column":27},"end":{"line":188,"column":6}},"30":{"start":{"line":189,"column":4},"end":{"line":193,"column":6}},"31":{"start":{"line":198,"column":51},"end":{"line":200,"column":6}},"32":{"start":{"line":203,"column":4},"end":{"line":205,"column":7}},"33":{"start":{"line":211,"column":9},"end":{"line":223,"column":6}},"34":{"start":{"line":225,"column":4},"end":{"line":231,"column":5}},"35":{"start":{"line":226,"column":6},"end":{"line":230,"column":9}},"36":{"start":{"line":234,"column":4},"end":{"line":241,"column":7}},"37":{"start":{"line":246,"column":22},"end":{"line":252,"column":null}},"38":{"start":{"line":258,"column":4},"end":{"line":269,"column":6}},"39":{"start":{"line":24,"column":0},"end":{"line":24,"column":13}}},"fnMap":{"0":{"name":"(anonymous_0)","decl":{"start":{"line":27,"column":2},"end":{"line":27,"column":14}},"loc":{"start":{"line":27,"column":68},"end":{"line":270,"column":3}}}},"branchMap":{},"s":{"0":3,"1":3,"2":3,"3":3,"4":3,"5":3,"6":9,"7":3,"8":3,"9":3,"10":3,"11":3,"12":3,"13":3,"14":21,"15":3,"16":3,"17":3,"18":3,"19":3,"20":3,"21":3,"22":3,"23":3,"24":3,"25":3,"26":3,"27":3,"28":3,"29":3,"30":3,"31":3,"32":3,"33":3,"34":3,"35":33,"36":3,"37":3,"38":3,"39":3},"f":{"0":3},"b":{}}
,"/Users/andymini/ai/ai-dev-platform/aws-production-cdk/lib/stacks/observability-stack.ts": {"path":"/Users/andymini/ai/ai-dev-platform/aws-production-cdk/lib/stacks/observability-stack.ts","statementMap":{"0":{"start":{"line":1,"column":0},"end":{"line":1,"column":35}},"1":{"start":{"line":7,"column":0},"end":{"line":7,"column":68}},"2":{"start":{"line":18,"column":4},"end":{"line":18,"column":28}},"3":{"start":{"line":20,"column":48},"end":{"line":20,"column":53}},"4":{"start":{"line":23,"column":4},"end":{"line":25,"column":5}},"5":{"start":{"line":24,"column":6},"end":{"line":24,"column":40}},"6":{"start":{"line":30,"column":4},"end":{"line":46,"column":7}},"7":{"start":{"line":16,"column":0},"end":{"line":16,"column":13}}},"fnMap":{"0":{"name":"(anonymous_0)","decl":{"start":{"line":17,"column":2},"end":{"line":17,"column":14}},"loc":{"start":{"line":17,"column":74},"end":{"line":47,"column":3}}}},"branchMap":{},"s":{"0":1,"1":1,"2":1,"3":1,"4":1,"5":3,"6":1,"7":1},"f":{"0":1},"b":{}}
,"/Users/andymini/ai/ai-dev-platform/aws-production-cdk/lib/stacks/platform-stack.ts": {"path":"/Users/andymini/ai/ai-dev-platform/aws-production-cdk/lib/stacks/platform-stack.ts","statementMap":{"0":{"start":{"line":1,"column":0},"end":{"line":1,"column":35}},"1":{"start":{"line":2,"column":0},"end":{"line":2,"column":43}},"2":{"start":{"line":3,"column":0},"end":{"line":3,"column":43}},"3":{"start":{"line":4,"column":0},"end":{"line":4,"column":64}},"4":{"start":{"line":5,"column":0},"end":{"line":5,"column":58}},"5":{"start":{"line":6,"column":0},"end":{"line":6,"column":43}},"6":{"start":{"line":7,"column":0},"end":{"line":7,"column":43}},"7":{"start":{"line":12,"column":0},"end":{"line":12,"column":62}},"8":{"start":{"line":13,"column":0},"end":{"line":13,"column":66}},"9":{"start":{"line":14,"column":0},"end":{"line":14,"column":81}},"10":{"start":{"line":40,"column":4},"end":{"line":40,"column":28}},"11":{"start":{"line":42,"column":38},"end":{"line":42,"column":43}},"12":{"start":{"line":45,"column":4},"end":{"line":47,"column":5}},"13":{"start":{"line":46,"column":6},"end":{"line":46,"column":40}},"14":{"start":{"line":52,"column":20},"end":{"line":56,"column":6}},"15":{"start":{"line":62,"column":24},"end":{"line":62,"column":48}},"16":{"start":{"line":64,"column":6},"end":{"line":66,"column":23}},"17":{"start":{"line":68,"column":24},"end":{"line":72,"column":6}},"18":{"start":{"line":77,"column":16},"end":{"line":82,"column":6}},"19":{"start":{"line":84,"column":21},"end":{"line":92,"column":6}},"20":{"start":{"line":97,"column":32},"end":{"line":98,"column":null}},"21":{"start":{"line":102,"column":26},"end":{"line":109,"column":6}},"22":{"start":{"line":110,"column":4},"end":{"line":121,"column":6}},"23":{"start":{"line":122,"column":4},"end":{"line":132,"column":6}},"24":{"start":{"line":135,"column":26},"end":{"line":137,"column":6}},"25":{"start":{"line":138,"column":4},"end":{"line":149,"column":6}},"26":{"start":{"line":150,"column":4},"end":{"line":159,"column":6}},"27":{"start":{"line":160,"column":4},"end":{"line":171,"column":6}},"28":{"start":{"line":172,"column":4},"end":{"line":184,"column":6}},"29":{"start":{"line":187,"column":28},"end":{"line":189,"column":6}},"30":{"start":{"line":190,"column":4},"end":{"line":196,"column":6}},"31":{"start":{"line":197,"column":4},"end":{"line":208,"column":6}},"32":{"start":{"line":211,"column":35},"end":{"line":216,"column":null}},"33":{"start":{"line":218,"column":4},"end":{"line":230,"column":6}},"34":{"start":{"line":233,"column":29},"end":{"line":235,"column":6}},"35":{"start":{"line":236,"column":4},"end":{"line":247,"column":6}},"36":{"start":{"line":248,"column":4},"end":{"line":259,"column":6}},"37":{"start":{"line":260,"column":4},"end":{"line":269,"column":6}},"38":{"start":{"line":272,"column":30},"end":{"line":274,"column":6}},"39":{"start":{"line":275,"column":4},"end":{"line":285,"column":6}},"40":{"start":{"line":288,"column":4},"end":{"line":297,"column":6}},"41":{"start":{"line":302,"column":22},"end":{"line":302,"column":41}},"42":{"start":{"line":304,"column":4},"end":{"line":307,"column":7}},"43":{"start":{"line":309,"column":4},"end":{"line":312,"column":7}},"44":{"start":{"line":314,"column":4},"end":{"line":317,"column":7}},"45":{"start":{"line":319,"column":4},"end":{"line":322,"column":7}},"46":{"start":{"line":324,"column":4},"end":{"line":327,"column":7}},"47":{"start":{"line":329,"column":29},"end":{"line":331,"column":26}},"48":{"start":{"line":333,"column":4},"end":{"line":336,"column":7}},"49":{"start":{"line":338,"column":4},"end":{"line":341,"column":7}},"50":{"start":{"line":343,"column":4},"end":{"line":346,"column":7}},"51":{"start":{"line":351,"column":4},"end":{"line":363,"column":7}},"52":{"start":{"line":365,"column":4},"end":{"line":375,"column":7}},"53":{"start":{"line":377,"column":4},"end":{"line":387,"column":7}},"54":{"start":{"line":392,"column":4},"end":{"line":404,"column":6}},"55":{"start":{"line":36,"column":0},"end":{"line":36,"column":13}}},"fnMap":{"0":{"name":"(anonymous_0)","decl":{"start":{"line":39,"column":2},"end":{"line":39,"column":14}},"loc":{"start":{"line":39,"column":69},"end":{"line":405,"column":3}}}},"branchMap":{"0":{"loc":{"start":{"line":64,"column":6},"end":{"line":66,"column":23}},"type":"cond-expr","locations":[{"start":{"line":65,"column":10},"end":{"line":65,"column":40}},{"start":{"line":66,"column":10},"end":{"line":66,"column":23}}]}},"s":{"0":1,"1":1,"2":1,"3":1,"4":1,"5":1,"6":1,"7":1,"8":1,"9":1,"10":1,"11":1,"12":1,"13":3,"14":1,"15":1,"16":1,"17":1,"18":1,"19":1,"20":1,"21":1,"22":1,"23":1,"24":1,"25":1,"26":1,"27":1,"28":1,"29":1,"30":1,"31":1,"32":1,"33":1,"34":1,"35":1,"36":1,"37":1,"38":1,"39":1,"40":1,"41":1,"42":1,"43":1,"44":1,"45":1,"46":1,"47":1,"48":1,"49":1,"50":1,"51":1,"52":1,"53":1,"54":1,"55":1},"f":{"0":1},"b":{"0":[1,0]}}
}
