TN:
SF:lib/config/environment.ts
FNF:0
FNH:0
DA:52,4
LF:1
LH:1
BRDA:53,0,0,4
BRDA:53,0,1,4
BRF:2
BRH:2
end_of_record
TN:
SF:lib/constructs/coder-service.ts
FN:36,(anonymous_0)
FNF:1
FNH:1
FNDA:1,(anonymous_0)
DA:1,1
DA:2,1
DA:3,1
DA:4,1
DA:6,1
DA:9,1
DA:32,1
DA:37,1
DA:39,1
DA:42,1
DA:44,1
DA:51,1
DA:61,1
DA:73,1
DA:88,1
DA:128,1
DA:137,1
DA:156,1
DA:173,1
DA:180,1
LF:20
LH:20
BRDA:44,0,0,1
BRDA:44,0,1,0
BRF:2
BRH:1
end_of_record
TN:
SF:lib/constructs/key-provisioner-service.ts
FN:37,(anonymous_0)
FNF:1
FNH:1
FNDA:1,(anonymous_0)
DA:1,1
DA:2,1
DA:3,1
DA:5,1
DA:8,1
DA:33,1
DA:42,1
DA:44,1
DA:47,1
DA:49,1
DA:56,1
DA:74,1
DA:108,1
DA:127,1
DA:147,1
LF:15
LH:15
BRDA:49,0,0,1
BRDA:49,0,1,0
BRDA:76,1,0,1
BRDA:76,1,1,1
BRF:4
BRH:3
end_of_record
TN:
SF:lib/constructs/langfuse-service.ts
FN:42,(anonymous_0)
FNF:1
FNH:1
FNDA:1,(anonymous_0)
DA:1,1
DA:2,1
DA:3,1
DA:4,1
DA:5,1
DA:6,1
DA:7,1
DA:11,1
DA:38,1
DA:43,1
DA:45,1
DA:48,1
DA:50,1
DA:58,1
DA:64,1
DA:74,1
DA:80,1
DA:86,1
DA:103,1
DA:117,1
DA:129,1
DA:141,1
DA:172,1
DA:181,1
DA:200,1
DA:215,1
DA:239,1
DA:251,1
DA:275,1
DA:294,1
DA:315,1
DA:331,1
DA:343,1
DA:370,1
LF:34
LH:34
BRDA:50,0,0,1
BRDA:50,0,1,0
BRF:2
BRH:1
end_of_record
TN:
SF:lib/constructs/litellm-service.ts
FN:35,(anonymous_0)
FNF:1
FNH:1
FNDA:1,(anonymous_0)
DA:1,1
DA:2,1
DA:3,1
DA:5,1
DA:8,1
DA:31,1
DA:36,1
DA:38,1
DA:41,1
DA:43,1
DA:50,1
DA:72,1
DA:124,1
DA:143,1
DA:160,1
LF:15
LH:15
BRDA:43,0,0,1
BRDA:43,0,1,0
BRF:2
BRH:1
end_of_record
TN:
SF:lib/stacks/data-stack.ts
FN:41,(anonymous_0)
FNF:1
FNH:1
FNDA:2,(anonymous_0)
DA:1,2
DA:2,2
DA:3,2
DA:4,2
DA:5,2
DA:6,2
DA:7,2
DA:8,2
DA:38,2
DA:42,2
DA:44,2
DA:47,2
DA:48,6
DA:54,2
DA:63,2
DA:91,2
DA:102,2
DA:128,2
DA:142,2
DA:150,2
DA:155,2
DA:165,2
DA:170,2
DA:179,2
DA:187,2
DA:197,2
DA:199,2
DA:207,2
DA:222,2
DA:232,2
DA:243,2
DA:256,2
DA:271,2
DA:286,2
DA:297,2
DA:310,2
DA:323,2
LF:37
LH:37
BRF:0
BRH:0
end_of_record
TN:
SF:lib/stacks/network-stack.ts
FN:27,(anonymous_0)
FNF:1
FNH:1
FNDA:3,(anonymous_0)
DA:1,3
DA:2,3
DA:3,3
DA:24,3
DA:28,3
DA:30,3
DA:33,3
DA:34,9
DA:40,3
DA:70,3
DA:77,3
DA:82,3
DA:89,3
DA:95,3
DA:96,3
DA:97,21
DA:104,3
DA:111,3
DA:116,3
DA:121,3
DA:126,3
DA:131,3
DA:136,3
DA:143,3
DA:148,3
DA:155,3
DA:160,3
DA:167,3
DA:172,3
DA:177,3
DA:184,3
DA:189,3
DA:198,3
DA:203,3
DA:211,3
DA:225,3
DA:226,33
DA:234,3
DA:246,3
DA:258,3
LF:40
LH:40
BRF:0
BRH:0
end_of_record
TN:
SF:lib/stacks/observability-stack.ts
FN:17,(anonymous_0)
FNF:1
FNH:1
FNDA:1,(anonymous_0)
DA:1,1
DA:7,1
DA:16,1
DA:18,1
DA:20,1
DA:23,1
DA:24,3
DA:30,1
LF:8
LH:8
BRF:0
BRH:0
end_of_record
TN:
SF:lib/stacks/platform-stack.ts
FN:39,(anonymous_0)
FNF:1
FNH:1
FNDA:1,(anonymous_0)
DA:1,1
DA:2,1
DA:3,1
DA:4,1
DA:5,1
DA:6,1
DA:7,1
DA:12,1
DA:13,1
DA:14,1
DA:36,1
DA:40,1
DA:42,1
DA:45,1
DA:46,3
DA:52,1
DA:62,1
DA:64,1
DA:68,1
DA:77,1
DA:84,1
DA:97,1
DA:102,1
DA:110,1
DA:122,1
DA:135,1
DA:138,1
DA:150,1
DA:160,1
DA:172,1
DA:187,1
DA:190,1
DA:197,1
DA:211,1
DA:218,1
DA:233,1
DA:236,1
DA:248,1
DA:260,1
DA:272,1
DA:275,1
DA:288,1
DA:302,1
DA:304,1
DA:309,1
DA:314,1
DA:319,1
DA:324,1
DA:329,1
DA:333,1
DA:338,1
DA:343,1
DA:351,1
DA:365,1
DA:377,1
DA:392,1
LF:56
LH:56
BRDA:64,0,0,1
BRDA:64,0,1,0
BRF:2
BRH:1
end_of_record
